-------------------------------------------------------------------------------
Test set: org.eql.TheProject_2G3.AppTest
-------------------------------------------------------------------------------
Tests run: 1, Failures: 1, Errors: 0, Skipped: 0, Time elapsed: 2.801 s <<< FAILURE! - in org.eql.TheProject_2G3.AppTest
org.eql.TheProject_2G3.AppTest.testIntermediaire  Time elapsed: 2.794 s  <<< FAILURE!
java.lang.AssertionError: expected:<FINISHED> but was:<FAILED>
	at org.eql.TheProject_2G3.AppTest.testIntermediaire(AppTest.java:54)

