<?xml version="1.0" encoding="UTF-8"?>
<testsuite xmlns:xsi="http://www.w3.org/2001/XMLSchema-instance" xsi:noNamespaceSchemaLocation="https://maven.apache.org/surefire/maven-surefire-plugin/xsd/surefire-test-report-3.0.xsd" version="3.0" name="org.eql.TheProject_2G3.AppTest" time="3.856" tests="1" errors="0" skipped="0" failures="0">
  <properties>
[...]
</properties>
  <testcase name="testIntermediaire" classname="org.eql.TheProject_2G3.AppTest" time="3.852">
    <system-out><![CDATA[14:03:58,201 WARN  [SoapUI] Missing folder [C:\Users\formation\Documents\SquashTA-1.10.0-RELEASE-workspace\TheProject_2G3S\ext] for external libraries
14:03:58,357 INFO  [DefaultSoapUICore] initialized soapui-settings from [C:\Users\formation\soapui-settings.xml]
14:03:59,137 INFO  [PluginManager] 0 plugins loaded in 2 ms
14:03:59,137 INFO  [DefaultSoapUICore] All plugins loaded
14:03:59,808 INFO  [WsdlProject] Loaded project from [file:/C:/Users/formation/Documents/SquashTA-1.10.0-RELEASE-workspace/TheProject_2G3S/src/test/resources/v1_SOAP-Logicaldoc-soapui-project.xml]
14:03:59,952 DEBUG [HttpClientSupport$SoapUIHttpClient] Attempt 1 to execute request
14:03:59,952 DEBUG [SoapUIMultiThreadedHttpConnectionManager$SoapUIDefaultClientConnection] Sending request: POST /logicaldoc/services/Auth HTTP/1.1
14:03:59,969 DEBUG [SoapUIMultiThreadedHttpConnectionManager$SoapUIDefaultClientConnection] Receiving response: HTTP/1.1 200 
14:03:59,972 DEBUG [HttpClientSupport$SoapUIHttpClient] Connection can be kept alive for 20000 MILLISECONDS
14:04:00,848 DEBUG [HttpClientSupport$SoapUIHttpClient] Stale connection check
14:04:00,862 DEBUG [HttpClientSupport$SoapUIHttpClient] Attempt 1 to execute request
14:04:00,862 DEBUG [SoapUIMultiThreadedHttpConnectionManager$SoapUIDefaultClientConnection] Sending request: POST /logicaldoc/services/Auth HTTP/1.1
14:04:00,869 DEBUG [SoapUIMultiThreadedHttpConnectionManager$SoapUIDefaultClientConnection] Receiving response: HTTP/1.1 200 
14:04:00,869 DEBUG [HttpClientSupport$SoapUIHttpClient] Connection can be kept alive for 20000 MILLISECONDS
14:04:00,878 DEBUG [HttpClientSupport$SoapUIHttpClient] Stale connection check
14:04:00,893 DEBUG [HttpClientSupport$SoapUIHttpClient] Attempt 1 to execute request
14:04:00,894 DEBUG [SoapUIMultiThreadedHttpConnectionManager$SoapUIDefaultClientConnection] Sending request: POST /logicaldoc/services/Folder HTTP/1.1
14:04:00,933 DEBUG [SoapUIMultiThreadedHttpConnectionManager$SoapUIDefaultClientConnection] Receiving response: HTTP/1.1 200 
14:04:00,933 DEBUG [HttpClientSupport$SoapUIHttpClient] Connection can be kept alive for 20000 MILLISECONDS
14:04:00,965 DEBUG [HttpClientSupport$SoapUIHttpClient] Stale connection check
14:04:00,972 DEBUG [HttpClientSupport$SoapUIHttpClient] Attempt 1 to execute request
14:04:00,972 DEBUG [SoapUIMultiThreadedHttpConnectionManager$SoapUIDefaultClientConnection] Sending request: POST /logicaldoc/services/Folder HTTP/1.1
14:04:00,980 DEBUG [SoapUIMultiThreadedHttpConnectionManager$SoapUIDefaultClientConnection] Receiving response: HTTP/1.1 200 
14:04:00,980 DEBUG [HttpClientSupport$SoapUIHttpClient] Connection can be kept alive for 20000 MILLISECONDS
14:04:00,983 DEBUG [HttpClientSupport$SoapUIHttpClient] Stale connection check
14:04:00,988 DEBUG [HttpClientSupport$SoapUIHttpClient] Attempt 1 to execute request
14:04:00,988 DEBUG [SoapUIMultiThreadedHttpConnectionManager$SoapUIDefaultClientConnection] Sending request: POST /logicaldoc/services/Folder HTTP/1.1
14:04:00,999 DEBUG [SoapUIMultiThreadedHttpConnectionManager$SoapUIDefaultClientConnection] Receiving response: HTTP/1.1 200 
14:04:00,999 DEBUG [HttpClientSupport$SoapUIHttpClient] Connection can be kept alive for 20000 MILLISECONDS
14:04:01,024 DEBUG [HttpClientSupport$SoapUIHttpClient] Stale connection check
14:04:01,036 DEBUG [HttpClientSupport$SoapUIHttpClient] Attempt 1 to execute request
14:04:01,036 DEBUG [SoapUIMultiThreadedHttpConnectionManager$SoapUIDefaultClientConnection] Sending request: POST /logicaldoc/services/Folder HTTP/1.1
14:04:01,046 DEBUG [SoapUIMultiThreadedHttpConnectionManager$SoapUIDefaultClientConnection] Receiving response: HTTP/1.1 200 
14:04:01,046 DEBUG [HttpClientSupport$SoapUIHttpClient] Connection can be kept alive for 20000 MILLISECONDS
14:04:01,049 DEBUG [HttpClientSupport$SoapUIHttpClient] Stale connection check
14:04:01,051 DEBUG [HttpClientSupport$SoapUIHttpClient] Attempt 1 to execute request
14:04:01,051 DEBUG [SoapUIMultiThreadedHttpConnectionManager$SoapUIDefaultClientConnection] Sending request: POST /logicaldoc/services/Folder HTTP/1.1
14:04:01,058 DEBUG [SoapUIMultiThreadedHttpConnectionManager$SoapUIDefaultClientConnection] Receiving response: HTTP/1.1 200 
14:04:01,059 DEBUG [HttpClientSupport$SoapUIHttpClient] Connection can be kept alive for 20000 MILLISECONDS
14:04:01,062 DEBUG [HttpClientSupport$SoapUIHttpClient] Stale connection check
14:04:01,067 DEBUG [HttpClientSupport$SoapUIHttpClient] Attempt 1 to execute request
14:04:01,067 DEBUG [SoapUIMultiThreadedHttpConnectionManager$SoapUIDefaultClientConnection] Sending request: POST /logicaldoc/services/Document HTTP/1.1
14:04:01,103 DEBUG [SoapUIMultiThreadedHttpConnectionManager$SoapUIDefaultClientConnection] Receiving response: HTTP/1.1 200 
14:04:01,103 DEBUG [HttpClientSupport$SoapUIHttpClient] Connection can be kept alive for 20000 MILLISECONDS
14:04:01,108 DEBUG [HttpClientSupport$SoapUIHttpClient] Stale connection check
14:04:01,115 DEBUG [HttpClientSupport$SoapUIHttpClient] Attempt 1 to execute request
14:04:01,115 DEBUG [SoapUIMultiThreadedHttpConnectionManager$SoapUIDefaultClientConnection] Sending request: POST /logicaldoc/services/Document HTTP/1.1
14:04:01,141 DEBUG [SoapUIMultiThreadedHttpConnectionManager$SoapUIDefaultClientConnection] Receiving response: HTTP/1.1 200 
14:04:01,141 DEBUG [HttpClientSupport$SoapUIHttpClient] Connection can be kept alive for 20000 MILLISECONDS
14:04:01,175 DEBUG [HttpClientSupport$SoapUIHttpClient] Stale connection check
14:04:01,178 DEBUG [HttpClientSupport$SoapUIHttpClient] Attempt 1 to execute request
14:04:01,178 DEBUG [SoapUIMultiThreadedHttpConnectionManager$SoapUIDefaultClientConnection] Sending request: POST /logicaldoc/services/Document HTTP/1.1
14:04:01,199 DEBUG [SoapUIMultiThreadedHttpConnectionManager$SoapUIDefaultClientConnection] Receiving response: HTTP/1.1 200 
14:04:01,199 DEBUG [HttpClientSupport$SoapUIHttpClient] Connection can be kept alive for 20000 MILLISECONDS
14:04:01,203 DEBUG [HttpClientSupport$SoapUIHttpClient] Stale connection check
14:04:01,209 DEBUG [HttpClientSupport$SoapUIHttpClient] Attempt 1 to execute request
14:04:01,209 DEBUG [SoapUIMultiThreadedHttpConnectionManager$SoapUIDefaultClientConnection] Sending request: POST /logicaldoc/services/Document HTTP/1.1
14:04:01,261 DEBUG [SoapUIMultiThreadedHttpConnectionManager$SoapUIDefaultClientConnection] Receiving response: HTTP/1.1 200 
14:04:01,261 DEBUG [HttpClientSupport$SoapUIHttpClient] Connection can be kept alive for 20000 MILLISECONDS
14:04:01,265 DEBUG [HttpClientSupport$SoapUIHttpClient] Stale connection check
14:04:01,271 DEBUG [HttpClientSupport$SoapUIHttpClient] Attempt 1 to execute request
14:04:01,271 DEBUG [SoapUIMultiThreadedHttpConnectionManager$SoapUIDefaultClientConnection] Sending request: POST /logicaldoc/services/Document HTTP/1.1
14:04:01,286 DEBUG [SoapUIMultiThreadedHttpConnectionManager$SoapUIDefaultClientConnection] Receiving response: HTTP/1.1 200 
14:04:01,286 DEBUG [HttpClientSupport$SoapUIHttpClient] Connection can be kept alive for 20000 MILLISECONDS
14:04:01,291 DEBUG [HttpClientSupport$SoapUIHttpClient] Stale connection check
14:04:01,303 DEBUG [HttpClientSupport$SoapUIHttpClient] Attempt 1 to execute request
14:04:01,303 DEBUG [SoapUIMultiThreadedHttpConnectionManager$SoapUIDefaultClientConnection] Sending request: POST /logicaldoc/services/Bookmark HTTP/1.1
14:04:01,318 DEBUG [SoapUIMultiThreadedHttpConnectionManager$SoapUIDefaultClientConnection] Receiving response: HTTP/1.1 200 
14:04:01,318 DEBUG [HttpClientSupport$SoapUIHttpClient] Connection can be kept alive for 20000 MILLISECONDS
14:04:01,344 DEBUG [HttpClientSupport$SoapUIHttpClient] Stale connection check
14:04:01,350 DEBUG [HttpClientSupport$SoapUIHttpClient] Attempt 1 to execute request
14:04:01,350 DEBUG [SoapUIMultiThreadedHttpConnectionManager$SoapUIDefaultClientConnection] Sending request: POST /logicaldoc/services/Bookmark HTTP/1.1
14:04:01,355 DEBUG [SoapUIMultiThreadedHttpConnectionManager$SoapUIDefaultClientConnection] Receiving response: HTTP/1.1 200 
14:04:01,355 DEBUG [HttpClientSupport$SoapUIHttpClient] Connection can be kept alive for 20000 MILLISECONDS
14:04:01,358 DEBUG [HttpClientSupport$SoapUIHttpClient] Stale connection check
14:04:01,366 DEBUG [HttpClientSupport$SoapUIHttpClient] Attempt 1 to execute request
14:04:01,366 DEBUG [SoapUIMultiThreadedHttpConnectionManager$SoapUIDefaultClientConnection] Sending request: POST /logicaldoc/services/Bookmark HTTP/1.1
14:04:01,396 DEBUG [SoapUIMultiThreadedHttpConnectionManager$SoapUIDefaultClientConnection] Receiving response: HTTP/1.1 200 
14:04:01,396 DEBUG [HttpClientSupport$SoapUIHttpClient] Connection can be kept alive for 20000 MILLISECONDS
14:04:01,401 DEBUG [HttpClientSupport$SoapUIHttpClient] Stale connection check
14:04:01,412 DEBUG [HttpClientSupport$SoapUIHttpClient] Attempt 1 to execute request
14:04:01,412 DEBUG [SoapUIMultiThreadedHttpConnectionManager$SoapUIDefaultClientConnection] Sending request: POST /logicaldoc/services/Bookmark HTTP/1.1
14:04:01,424 DEBUG [SoapUIMultiThreadedHttpConnectionManager$SoapUIDefaultClientConnection] Receiving response: HTTP/1.1 200 
14:04:01,425 DEBUG [HttpClientSupport$SoapUIHttpClient] Connection can be kept alive for 20000 MILLISECONDS
14:04:01,432 DEBUG [HttpClientSupport$SoapUIHttpClient] Stale connection check
14:04:01,444 DEBUG [HttpClientSupport$SoapUIHttpClient] Attempt 1 to execute request
14:04:01,445 DEBUG [SoapUIMultiThreadedHttpConnectionManager$SoapUIDefaultClientConnection] Sending request: POST /logicaldoc/services/Search HTTP/1.1
14:04:01,482 DEBUG [SoapUIMultiThreadedHttpConnectionManager$SoapUIDefaultClientConnection] Receiving response: HTTP/1.1 200 
14:04:01,482 DEBUG [HttpClientSupport$SoapUIHttpClient] Connection can be kept alive for 20000 MILLISECONDS
14:04:01,484 DEBUG [HttpClientSupport$SoapUIHttpClient] Stale connection check
14:04:01,492 DEBUG [HttpClientSupport$SoapUIHttpClient] Attempt 1 to execute request
14:04:01,492 DEBUG [SoapUIMultiThreadedHttpConnectionManager$SoapUIDefaultClientConnection] Sending request: POST /logicaldoc/services/Search HTTP/1.1
14:04:01,504 DEBUG [SoapUIMultiThreadedHttpConnectionManager$SoapUIDefaultClientConnection] Receiving response: HTTP/1.1 200 
14:04:01,504 DEBUG [HttpClientSupport$SoapUIHttpClient] Connection can be kept alive for 20000 MILLISECONDS
14:04:01,507 DEBUG [HttpClientSupport$SoapUIHttpClient] Stale connection check
14:04:01,523 DEBUG [HttpClientSupport$SoapUIHttpClient] Attempt 1 to execute request
14:04:01,523 DEBUG [SoapUIMultiThreadedHttpConnectionManager$SoapUIDefaultClientConnection] Sending request: POST /logicaldoc/services/Document HTTP/1.1
14:04:01,540 DEBUG [SoapUIMultiThreadedHttpConnectionManager$SoapUIDefaultClientConnection] Receiving response: HTTP/1.1 200 
14:04:01,540 DEBUG [HttpClientSupport$SoapUIHttpClient] Connection can be kept alive for 20000 MILLISECONDS
14:04:01,542 DEBUG [HttpClientSupport$SoapUIHttpClient] Stale connection check
14:04:01,554 DEBUG [HttpClientSupport$SoapUIHttpClient] Attempt 1 to execute request
14:04:01,554 DEBUG [SoapUIMultiThreadedHttpConnectionManager$SoapUIDefaultClientConnection] Sending request: POST /logicaldoc/services/Document HTTP/1.1
14:04:01,768 DEBUG [SoapUIMultiThreadedHttpConnectionManager$SoapUIDefaultClientConnection] Receiving response: HTTP/1.1 200 
14:04:01,768 DEBUG [HttpClientSupport$SoapUIHttpClient] Connection can be kept alive for 20000 MILLISECONDS
14:04:01,772 DEBUG [HttpClientSupport$SoapUIHttpClient] Stale connection check
14:04:01,774 DEBUG [HttpClientSupport$SoapUIHttpClient] Attempt 1 to execute request
14:04:01,774 DEBUG [SoapUIMultiThreadedHttpConnectionManager$SoapUIDefaultClientConnection] Sending request: POST /logicaldoc/services/Document HTTP/1.1
14:04:01,782 DEBUG [SoapUIMultiThreadedHttpConnectionManager$SoapUIDefaultClientConnection] Receiving response: HTTP/1.1 200 
14:04:01,782 DEBUG [HttpClientSupport$SoapUIHttpClient] Connection can be kept alive for 20000 MILLISECONDS
14:04:01,785 DEBUG [HttpClientSupport$SoapUIHttpClient] Stale connection check
14:04:01,790 DEBUG [HttpClientSupport$SoapUIHttpClient] Attempt 1 to execute request
14:04:01,790 DEBUG [SoapUIMultiThreadedHttpConnectionManager$SoapUIDefaultClientConnection] Sending request: POST /logicaldoc/services/Folder HTTP/1.1
14:04:01,805 DEBUG [SoapUIMultiThreadedHttpConnectionManager$SoapUIDefaultClientConnection] Receiving response: HTTP/1.1 200 
14:04:01,805 DEBUG [HttpClientSupport$SoapUIHttpClient] Connection can be kept alive for 20000 MILLISECONDS
14:04:01,808 DEBUG [HttpClientSupport$SoapUIHttpClient] Stale connection check
14:04:01,822 DEBUG [HttpClientSupport$SoapUIHttpClient] Attempt 1 to execute request
14:04:01,822 DEBUG [SoapUIMultiThreadedHttpConnectionManager$SoapUIDefaultClientConnection] Sending request: POST /logicaldoc/services/Auth HTTP/1.1
14:04:01,828 DEBUG [SoapUIMultiThreadedHttpConnectionManager$SoapUIDefaultClientConnection] Receiving response: HTTP/1.1 200 
14:04:01,828 DEBUG [HttpClientSupport$SoapUIHttpClient] Connection can be kept alive for 20000 MILLISECONDS
14:04:01,830 DEBUG [HttpClientSupport$SoapUIHttpClient] Stale connection check
14:04:01,838 DEBUG [HttpClientSupport$SoapUIHttpClient] Attempt 1 to execute request
14:04:01,838 DEBUG [SoapUIMultiThreadedHttpConnectionManager$SoapUIDefaultClientConnection] Sending request: POST /logicaldoc/services/Auth HTTP/1.1
14:04:01,840 DEBUG [SoapUIMultiThreadedHttpConnectionManager$SoapUIDefaultClientConnection] Receiving response: HTTP/1.1 200 
14:04:01,840 DEBUG [HttpClientSupport$SoapUIHttpClient] Connection can be kept alive for 20000 MILLISECONDS
]]></system-out>
    <system-err><![CDATA[SLF4J: Class path contains multiple SLF4J bindings.
SLF4J: Found binding in [jar:file:/C:/Users/formation/.m2/repository/org/slf4j/slf4j-log4j12/1.7.30/slf4j-log4j12-1.7.30.jar!/org/slf4j/impl/StaticLoggerBinder.class]
SLF4J: Found binding in [jar:file:/C:/Installation/SmartBear/SoapUI-5.4.0/lib/slf4j-log4j12-1.6.4.jar!/org/slf4j/impl/StaticLoggerBinder.class]
SLF4J: See http://www.slf4j.org/codes.html#multiple_bindings for an explanation.
SLF4J: Actual binding is of type [org.slf4j.impl.Log4jLoggerFactory]
déc. 10, 2021 2:03:59 PM org.eql.TheProject_2G3.AppTest testIntermediaire
INFOS: ******Running TestSuite 1***********
déc. 10, 2021 2:03:59 PM org.eql.TheProject_2G3.AppTest testIntermediaire
INFOS: ******Running TestCase 1***********
déc. 10, 2021 2:04:01 PM org.eql.TheProject_2G3.AppTest testIntermediaire
INFOS: 
Properties = OK  en : 27 ms
login - Request 1 = OK  en : 144 ms
GS - transfert sid = OK  en : 846 ms
sid_valid - Request 1 = OK  en : 27 ms
getDefaultWorkspace - Request 1 = OK  en : 65 ms
GS - transfert workspace_id = OK  en : 23 ms
listChildren - Request 1 = OK  en : 17 ms
createFolder - Request 1 = OK  en : 18 ms
GS - tranfert folder_id = OK  en : 23 ms
listChildren - Request 2 = OK  en : 24 ms
getFolder - Request 1 = OK  en : 13 ms
createDocument - Request 1 = OK  en : 45 ms
createDocument - Request 2 = OK  en : 36 ms
GS - transfer file_id = OK  en : 30 ms
getDocuments - Request 1 = OK  en : 27 ms
update - Request 1 = OK  en : 61 ms
getDocuments - Request 2 = OK  en : 25 ms
bookmarkDocument - Request 1 = OK  en : 30 ms
GS - tranfert bookmark_id = OK  en : 22 ms
getBookmarks - Request 1 = OK  en : 13 ms
unbookmarkDocument - Request 1 = OK  en : 41 ms
getBookmarks - Request 2 = OK  en : 31 ms
findDocumentByCreated - Request 1 = FAILED  en : 52 ms
findDocumentByDate - Request 1 = FAILED  en : 22 ms
delete_file- Request 1 = OK  en : 35 ms
delete_file- Request 2 = OK  en : 229 ms
getDocuments - Request 3 = OK  en : 13 ms
delete_folder - Request 1 = OK  en : 22 ms
logout - Request 1 = OK  en : 22 ms
sid_valid - Request 2 = OK  en : 12 ms

]]></system-err>
  </testcase>
</testsuite>