<?xml version="1.0" encoding="UTF-8"?>
<testsuite xmlns:xsi="http://www.w3.org/2001/XMLSchema-instance" xsi:noNamespaceSchemaLocation="https://maven.apache.org/surefire/maven-surefire-plugin/xsd/surefire-test-report-3.0.xsd" version="3.0" name="org.eql.TheProject_2G3.AppTest" time="2.856" tests="1" errors="0" skipped="0" failures="0">
  <properties>
[...]
</properties>
  <testcase name="testIntermediaire" classname="org.eql.TheProject_2G3.AppTest" time="2.849">
    <system-out><![CDATA[13:39:45,817 WARN  [SoapUI] Missing folder [C:\Users\formation\Documents\SquashTA-1.10.0-RELEASE-workspace\TheProject_2G3S\ext] for external libraries
13:39:45,983 INFO  [DefaultSoapUICore] initialized soapui-settings from [C:\Users\formation\soapui-settings.xml]
13:39:46,771 INFO  [PluginManager] 0 plugins loaded in 2 ms
13:39:46,771 INFO  [DefaultSoapUICore] All plugins loaded
13:39:47,402 INFO  [WsdlProject] Loaded project from [file:/C:/Users/formation/Documents/SquashTA-1.10.0-RELEASE-workspace/TheProject_2G3S/src/test/resources/SOAP-Logicaldoc-soapui-project.xml]
13:39:47,526 DEBUG [HttpClientSupport$SoapUIHttpClient] Attempt 1 to execute request
13:39:47,526 DEBUG [SoapUIMultiThreadedHttpConnectionManager$SoapUIDefaultClientConnection] Sending request: POST /logicaldoc/services/Auth HTTP/1.1
13:39:47,543 DEBUG [SoapUIMultiThreadedHttpConnectionManager$SoapUIDefaultClientConnection] Receiving response: HTTP/1.1 200 
13:39:47,546 DEBUG [HttpClientSupport$SoapUIHttpClient] Connection can be kept alive for 20000 MILLISECONDS
13:39:48,396 DEBUG [HttpClientSupport$SoapUIHttpClient] Stale connection check
13:39:48,399 DEBUG [HttpClientSupport$SoapUIHttpClient] Attempt 1 to execute request
13:39:48,399 DEBUG [SoapUIMultiThreadedHttpConnectionManager$SoapUIDefaultClientConnection] Sending request: POST /logicaldoc/services/Auth HTTP/1.1
13:39:48,402 DEBUG [SoapUIMultiThreadedHttpConnectionManager$SoapUIDefaultClientConnection] Receiving response: HTTP/1.1 200 
13:39:48,402 DEBUG [HttpClientSupport$SoapUIHttpClient] Connection can be kept alive for 20000 MILLISECONDS
13:39:48,446 ERROR [SoapUI] An error occurred [assert false
], see error log for details
]]></system-out>
    <system-err><![CDATA[SLF4J: Class path contains multiple SLF4J bindings.
SLF4J: Found binding in [jar:file:/C:/Users/formation/.m2/repository/org/slf4j/slf4j-log4j12/1.7.30/slf4j-log4j12-1.7.30.jar!/org/slf4j/impl/StaticLoggerBinder.class]
SLF4J: Found binding in [jar:file:/C:/Installation/SmartBear/SoapUI-5.4.0/lib/slf4j-log4j12-1.6.4.jar!/org/slf4j/impl/StaticLoggerBinder.class]
SLF4J: See http://www.slf4j.org/codes.html#multiple_bindings for an explanation.
SLF4J: Actual binding is of type [org.slf4j.impl.Log4jLoggerFactory]
déc. 10, 2021 1:39:47 PM org.eql.TheProject_2G3.AppTest testIntermediaire
INFOS: ******Running TestSuite 1***********
déc. 10, 2021 1:39:47 PM org.eql.TheProject_2G3.AppTest testIntermediaire
INFOS: ******Running TestCase 1***********
Assertion failed: 

assert false


	at org.codehaus.groovy.runtime.InvokerHelper.assertFailed(InvokerHelper.java:436)
	at org.codehaus.groovy.runtime.ScriptBytecodeAdapter.assertFailed(ScriptBytecodeAdapter.java:670)
	at Script1.run(Script1.groovy:8)
	at com.eviware.soapui.support.scripting.groovy.SoapUIGroovyScriptEngine.run(SoapUIGroovyScriptEngine.java:90)
	at com.eviware.soapui.impl.wsdl.teststeps.WsdlGroovyScriptTestStep.run(WsdlGroovyScriptTestStep.java:141)
	at com.eviware.soapui.impl.wsdl.support.AbstractTestCaseRunner.runTestStep(AbstractTestCaseRunner.java:211)
	at com.eviware.soapui.impl.wsdl.testcase.WsdlTestCaseRunner.runCurrentTestStep(WsdlTestCaseRunner.java:47)
	at com.eviware.soapui.impl.wsdl.support.AbstractTestCaseRunner.internalRun(AbstractTestCaseRunner.java:138)
	at com.eviware.soapui.impl.wsdl.support.AbstractTestCaseRunner.internalRun(AbstractTestCaseRunner.java:46)
	at com.eviware.soapui.impl.wsdl.support.AbstractTestRunner.run(AbstractTestRunner.java:128)
	at com.eviware.soapui.impl.wsdl.support.AbstractTestRunner.start(AbstractTestRunner.java:76)
	at com.eviware.soapui.impl.wsdl.testcase.WsdlTestCase.run(WsdlTestCase.java:594)
	at com.eviware.soapui.impl.wsdl.testcase.WsdlTestCase.run(WsdlTestCase.java:78)
	at org.eql.TheProject_2G3.AppTest.testIntermediaire(AppTest.java:53)
	at sun.reflect.NativeMethodAccessorImpl.invoke0(Native Method)
	at sun.reflect.NativeMethodAccessorImpl.invoke(Unknown Source)
	at sun.reflect.DelegatingMethodAccessorImpl.invoke(Unknown Source)
	at java.lang.reflect.Method.invoke(Unknown Source)
	at org.junit.runners.model.FrameworkMethod$1.runReflectiveCall(FrameworkMethod.java:59)
	at org.junit.internal.runners.model.ReflectiveCallable.run(ReflectiveCallable.java:12)
	at org.junit.runners.model.FrameworkMethod.invokeExplosively(FrameworkMethod.java:56)
	at org.junit.internal.runners.statements.InvokeMethod.evaluate(InvokeMethod.java:17)
	at org.junit.runners.ParentRunner$3.evaluate(ParentRunner.java:306)
	at org.junit.runners.BlockJUnit4ClassRunner$1.evaluate(BlockJUnit4ClassRunner.java:100)
	at org.junit.runners.ParentRunner.runLeaf(ParentRunner.java:366)
	at org.junit.runners.BlockJUnit4ClassRunner.runChild(BlockJUnit4ClassRunner.java:103)
	at org.junit.runners.BlockJUnit4ClassRunner.runChild(BlockJUnit4ClassRunner.java:63)
	at org.junit.runners.ParentRunner$4.run(ParentRunner.java:331)
	at org.junit.runners.ParentRunner$1.schedule(ParentRunner.java:79)
	at org.junit.runners.ParentRunner.runChildren(ParentRunner.java:329)
	at org.junit.runners.ParentRunner.access$100(ParentRunner.java:66)
	at org.junit.runners.ParentRunner$2.evaluate(ParentRunner.java:293)
	at org.junit.runners.ParentRunner$3.evaluate(ParentRunner.java:306)
	at org.junit.runners.ParentRunner.run(ParentRunner.java:413)
	at org.junit.runners.Suite.runChild(Suite.java:128)
	at org.junit.runners.Suite.runChild(Suite.java:27)
	at org.junit.runners.ParentRunner$4.run(ParentRunner.java:331)
	at org.junit.runners.ParentRunner$1.schedule(ParentRunner.java:79)
	at org.junit.runners.ParentRunner.runChildren(ParentRunner.java:329)
	at org.junit.runners.ParentRunner.access$100(ParentRunner.java:66)
	at org.junit.runners.ParentRunner$2.evaluate(ParentRunner.java:293)
	at org.junit.runners.ParentRunner$3.evaluate(ParentRunner.java:306)
	at org.junit.runners.ParentRunner.run(ParentRunner.java:413)
	at org.apache.maven.surefire.junitcore.JUnitCore.run(JUnitCore.java:55)
	at org.apache.maven.surefire.junitcore.JUnitCoreWrapper.createRequestAndRun(JUnitCoreWrapper.java:137)
	at org.apache.maven.surefire.junitcore.JUnitCoreWrapper.executeEager(JUnitCoreWrapper.java:107)
	at org.apache.maven.surefire.junitcore.JUnitCoreWrapper.execute(JUnitCoreWrapper.java:83)
	at org.apache.maven.surefire.junitcore.JUnitCoreWrapper.execute(JUnitCoreWrapper.java:75)
	at org.apache.maven.surefire.junitcore.JUnitCoreProvider.invoke(JUnitCoreProvider.java:157)
	at org.apache.maven.surefire.booter.ForkedBooter.runSuitesInProcess(ForkedBooter.java:428)
	at org.apache.maven.surefire.booter.ForkedBooter.execute(ForkedBooter.java:162)
	at org.apache.maven.surefire.booter.ForkedBooter.run(ForkedBooter.java:562)
	at org.apache.maven.surefire.booter.ForkedBooter.main(ForkedBooter.java:548)
déc. 10, 2021 1:39:48 PM org.eql.TheProject_2G3.AppTest testIntermediaire
INFOS: 
login - Request 1 = OK  en : 197 ms
Transfert Properties = OK  en : 768 ms
Properties = OK  en : 1 ms
valid - Request 1 = OK  en : 8 ms
check - valid = FAILED  en : 46 ms

]]></system-err>
  </testcase>
</testsuite>